<?xml version="1.0" encoding="UTF-8" standalone="yes"?><!DOCTYPE report PUBLIC "-//JACOCO//DTD Report 1.1//EN" "report.dtd"><report name="IBIS viewer"><sessioninfo id="b3p-markprins-854aa6b5" start="1586531294383" dump="1586531295210"/><sessioninfo id="b3p-markprins-5bd1d49e" start="1587032546318" dump="1587032548152"/><sessioninfo id="b3p-markprins-91c598e0" start="1587032843866" dump="1587032844740"/><sessioninfo id="b3p-markprins-d2dcd1aa" start="1587038471303" dump="1587038472809"/><sessioninfo id="b3p-markprins-b0400c60" start="1587051400969" dump="1587051402087"/><sessioninfo id="b3p-markprins-bd5eee61" start="1587114163407" dump="1587114164593"/><sessioninfo id="b3p-markprins-1337312d" start="1587120521184" dump="1587120522622"/></report>